<?xml version="1.0" encoding="UTF-8"?>
<!-- Generated by org.testng.reporters.JUnitReportReporter -->
<testsuite skipped="0" hostname="DESKTOP-TEMHAD3" name="com.demo.qa.testcases.ALoginPageTest" tests="3" failures="0" timestamp="09 Nov 2019 07:26:42 GMT" time="39.453" errors="0">
  <testcase name="IsPageLogoDisplayed" time="10.613" classname="com.demo.qa.testcases.ALoginPageTest"/>
  <testcase name="Validate_Page_Title" time="11.786" classname="com.demo.qa.testcases.ALoginPageTest"/>
  <testcase name="Login" time="17.054" classname="com.demo.qa.testcases.ALoginPageTest"/>
</testsuite> <!-- com.demo.qa.testcases.ALoginPageTest -->
