<?xml version="1.0" encoding="UTF-8"?>
<!-- Generated by org.testng.reporters.JUnitReportReporter -->
<testsuite skipped="0" hostname="DESKTOP-TEMHAD3" name="com.demo.qa.testcases.BHomePageTest" tests="3" failures="0" timestamp="10 Nov 2019 06:29:28 GMT" time="59.637" errors="0">
  <testcase name="Validate_Page_Title" time="15.532" classname="com.demo.qa.testcases.BHomePageTest"/>
  <testcase name="Is_Student_Tab_Displayed" time="17.705" classname="com.demo.qa.testcases.BHomePageTest"/>
  <testcase name="Open_Students_Tab" time="26.400" classname="com.demo.qa.testcases.BHomePageTest"/>
</testsuite> <!-- com.demo.qa.testcases.BHomePageTest -->
