<?xml version="1.0" encoding="UTF-8"?>
<!-- Generated by org.testng.reporters.JUnitReportReporter -->
<testsuite skipped="0" hostname="DESKTOP-TEMHAD3" name="com.demo.qa.testcases.ALoginPageTest" tests="3" failures="0" timestamp="10 Nov 2019 06:29:28 GMT" time="51.276" errors="0">
  <testcase name="IsPageLogoDisplayed" time="25.019" classname="com.demo.qa.testcases.ALoginPageTest"/>
  <testcase name="Validate_Page_Title" time="10.701" classname="com.demo.qa.testcases.ALoginPageTest"/>
  <testcase name="Login" time="15.556" classname="com.demo.qa.testcases.ALoginPageTest"/>
</testsuite> <!-- com.demo.qa.testcases.ALoginPageTest -->
