<?xml version="1.0" encoding="UTF-8"?>
<!-- Generated by org.testng.reporters.JUnitReportReporter -->
<testsuite skipped="0" hostname="DESKTOP-TEMHAD3" name="com.demo.qa.testcases.LoginPageTest" tests="3" failures="0" timestamp="05 Nov 2019 15:03:38 GMT" time="8.448" errors="0">
  <testcase name="IsPageLogoDisplayed" time="0.173" classname="com.demo.qa.testcases.LoginPageTest"/>
  <testcase name="Validate_Page_Title" time="0.013" classname="com.demo.qa.testcases.LoginPageTest"/>
  <testcase name="Login" time="8.262" classname="com.demo.qa.testcases.LoginPageTest"/>
</testsuite> <!-- com.demo.qa.testcases.LoginPageTest -->
