<?xml version="1.0" encoding="UTF-8"?>
<!-- Generated by org.testng.reporters.JUnitReportReporter -->
<testsuite skipped="0" hostname="DESKTOP-TEMHAD3" name="com.demo.qa.testcases.BHomePageTest" tests="3" failures="0" timestamp="09 Nov 2019 07:26:42 GMT" time="48.378" errors="0">
  <testcase name="Validate_Page_Title" time="14.868" classname="com.demo.qa.testcases.BHomePageTest"/>
  <testcase name="Is_Student_Tab_Displayed" time="14.736" classname="com.demo.qa.testcases.BHomePageTest"/>
  <testcase name="Open_Students_Tab" time="18.774" classname="com.demo.qa.testcases.BHomePageTest"/>
</testsuite> <!-- com.demo.qa.testcases.BHomePageTest -->
