<?xml version="1.0" encoding="UTF-8"?>
<!-- Generated by org.testng.reporters.JUnitReportReporter -->
<testsuite skipped="0" hostname="DESKTOP-TEMHAD3" name="com.demo.qa.testcases.CStudentPageTest" tests="1" failures="0" timestamp="09 Nov 2019 13:20:08 GMT" time="21.649" errors="0">
  <testcase name="CreateAccount" time="21.649" classname="com.demo.qa.testcases.CStudentPageTest"/>
</testsuite> <!-- com.demo.qa.testcases.CStudentPageTest -->
