<?xml version="1.0" encoding="UTF-8"?>
<!-- Generated by org.testng.reporters.JUnitReportReporter -->
<testsuite skipped="0" hostname="DESKTOP-TEMHAD3" name="com.demo.qa.testcases.ALoginPageTest" tests="3" failures="0" timestamp="09 Nov 2019 13:20:08 GMT" time="55.596" errors="0">
  <testcase name="IsPageLogoDisplayed" time="16.387" classname="com.demo.qa.testcases.ALoginPageTest"/>
  <testcase name="Validate_Page_Title" time="19.689" classname="com.demo.qa.testcases.ALoginPageTest"/>
  <testcase name="Login" time="19.520" classname="com.demo.qa.testcases.ALoginPageTest"/>
</testsuite> <!-- com.demo.qa.testcases.ALoginPageTest -->
