<?xml version="1.0" encoding="UTF-8"?>
<!-- Generated by org.testng.reporters.JUnitReportReporter -->
<testsuite skipped="0" hostname="DESKTOP-TEMHAD3" name="com.demo.qa.testcases.BHomePageTest" tests="3" failures="0" timestamp="09 Nov 2019 13:20:08 GMT" time="61.244" errors="0">
  <testcase name="Validate_Page_Title" time="22.174" classname="com.demo.qa.testcases.BHomePageTest"/>
  <testcase name="Is_Student_Tab_Displayed" time="18.939" classname="com.demo.qa.testcases.BHomePageTest"/>
  <testcase name="Open_Students_Tab" time="20.131" classname="com.demo.qa.testcases.BHomePageTest"/>
</testsuite> <!-- com.demo.qa.testcases.BHomePageTest -->
