<?xml version="1.0" encoding="UTF-8"?>
<!-- Generated by org.testng.reporters.JUnitReportReporter -->
<testsuite skipped="0" hostname="DESKTOP-TEMHAD3" name="com.demo.qa.testcases.ALoginPageTest" tests="3" failures="0" timestamp="09 Nov 2019 07:41:09 GMT" time="55.998" errors="0">
  <testcase name="IsPageLogoDisplayed" time="12.950" classname="com.demo.qa.testcases.ALoginPageTest"/>
  <testcase name="Validate_Page_Title" time="16.565" classname="com.demo.qa.testcases.ALoginPageTest"/>
  <testcase name="Login" time="26.483" classname="com.demo.qa.testcases.ALoginPageTest"/>
</testsuite> <!-- com.demo.qa.testcases.ALoginPageTest -->
